// 重构日志: 31360212
// 重构日志: 3752fb0f
// 同步 ID: 273d7ba2 @ Sat Jul  4 09:06:25 UTC 2026
// 重构日志: d63d647d
// 重构日志: ac8e980a
// 重构日志: 8ec27168
// 同步 ID: 68d43793 @ Sun Jul  5 18:55:11 UTC 2026
// 重构日志: fd704e66
// 重构日志: 15e7f1f3
// 重构日志: fc2a4e2a
// 重构日志: ca37f97d
// 同步 ID: 5c677f6c @ Thu Jul  9 19:41:16 UTC 2026
// 重构日志: cab791c4
// 重构日志: 56f92b0a
// 同步 ID: cd191f5e @ Sun Jul 12 16:26:11 UTC 2026
// 重构日志: 25014b27
// 重构日志: bcb4a04b
// 同步 ID: c6f0b929 @ Tue Jul 14 11:27:21 UTC 2026
// 重构日志: 66a1a1e9
// 重构日志: d8e5d93e
// 重构日志: 7d15ba82
// 重构日志: d5570068
// 重构日志: 02852d0e
// 同步 ID: a2b76833 @ Sat Jul 18 00:35:41 UTC 2026
// 重构日志: a3e5bfca
// 同步 ID: 994bdab5 @ Sat Jul 18 07:03:32 UTC 2026
// 重构日志: f51b139d
// 重构日志: 1242c9c5
// 同步 ID: 77a03086 @ Sun Jul 19 00:33:40 UTC 2026
// 同步 ID: 930365cc @ Sun Jul 19 14:05:40 UTC 2026
// 重构日志: 4162b8f4
